Analysis & Synthesis report for Pong-cyclone2
Fri Dec 13 05:58:11 2019
Quartus II 64-Bit Version 13.0.0 Build 156 04/24/2013 SJ Web Edition


---------------------
; Table of Contents ;
---------------------
  1. Legal Notice
  2. Analysis & Synthesis Summary
  3. Analysis & Synthesis Settings
  4. Parallel Compilation
  5. Analysis & Synthesis Source Files Read
  6. Analysis & Synthesis Resource Usage Summary
  7. Analysis & Synthesis Resource Utilization by Entity
  8. State Machine - |Pong_cyclone2|NS
  9. State Machine - |Pong_cyclone2|NS1
 10. State Machine - |Pong_cyclone2|s1
 11. State Machine - |Pong_cyclone2|s
 12. Registers Removed During Synthesis
 13. General Register Statistics
 14. Multiplexer Restructuring Statistics (Restructuring Performed)
 15. Parameter Settings for User Entity Instance: Top-level Entity: |Pong_cyclone2
 16. Port Connectivity Checks: "vga640x480:display"
 17. Elapsed Time Per Partition
 18. Analysis & Synthesis Messages



----------------
; Legal Notice ;
----------------
Copyright (C) 1991-2013 Altera Corporation
Your use of Altera Corporation's design tools, logic functions 
and other software and tools, and its AMPP partner logic 
functions, and any output files from any of the foregoing 
(including device programming or simulation files), and any 
associated documentation or information are expressly subject 
to the terms and conditions of the Altera Program License 
Subscription Agreement, Altera MegaCore Function License 
Agreement, or other applicable license agreement, including, 
without limitation, that your use is for the sole purpose of 
programming logic devices manufactured by Altera and sold by 
Altera or its authorized distributors.  Please refer to the 
applicable agreement for further details.



+---------------------------------------------------------------------------------+
; Analysis & Synthesis Summary                                                    ;
+------------------------------------+--------------------------------------------+
; Analysis & Synthesis Status        ; Successful - Fri Dec 13 05:58:11 2019      ;
; Quartus II 64-Bit Version          ; 13.0.0 Build 156 04/24/2013 SJ Web Edition ;
; Revision Name                      ; Pong-cyclone2                              ;
; Top-level Entity Name              ; Pong_cyclone2                              ;
; Family                             ; Cyclone II                                 ;
; Total logic elements               ; 845                                        ;
;     Total combinational functions  ; 838                                        ;
;     Dedicated logic registers      ; 152                                        ;
; Total registers                    ; 152                                        ;
; Total pins                         ; 21                                         ;
; Total virtual pins                 ; 0                                          ;
; Total memory bits                  ; 0                                          ;
; Embedded Multiplier 9-bit elements ; 0                                          ;
; Total PLLs                         ; 0                                          ;
+------------------------------------+--------------------------------------------+


+----------------------------------------------------------------------------------------------------------------------+
; Analysis & Synthesis Settings                                                                                        ;
+----------------------------------------------------------------------------+--------------------+--------------------+
; Option                                                                     ; Setting            ; Default Value      ;
+----------------------------------------------------------------------------+--------------------+--------------------+
; Device                                                                     ; EP2C20F484C7       ;                    ;
; Top-level entity name                                                      ; Pong_cyclone2      ; Pong-cyclone2      ;
; Family name                                                                ; Cyclone II         ; Cyclone IV GX      ;
; Use smart compilation                                                      ; Off                ; Off                ;
; Enable parallel Assembler and TimeQuest Timing Analyzer during compilation ; On                 ; On                 ;
; Enable compact report table                                                ; Off                ; Off                ;
; Restructure Multiplexers                                                   ; Auto               ; Auto               ;
; Create Debugging Nodes for IP Cores                                        ; Off                ; Off                ;
; Preserve fewer node names                                                  ; On                 ; On                 ;
; Disable OpenCore Plus hardware evaluation                                  ; Off                ; Off                ;
; Verilog Version                                                            ; Verilog_2001       ; Verilog_2001       ;
; VHDL Version                                                               ; VHDL_1993          ; VHDL_1993          ;
; State Machine Processing                                                   ; Auto               ; Auto               ;
; Safe State Machine                                                         ; Off                ; Off                ;
; Extract Verilog State Machines                                             ; On                 ; On                 ;
; Extract VHDL State Machines                                                ; On                 ; On                 ;
; Ignore Verilog initial constructs                                          ; Off                ; Off                ;
; Iteration limit for constant Verilog loops                                 ; 5000               ; 5000               ;
; Iteration limit for non-constant Verilog loops                             ; 250                ; 250                ;
; Add Pass-Through Logic to Inferred RAMs                                    ; On                 ; On                 ;
; Infer RAMs from Raw Logic                                                  ; On                 ; On                 ;
; Parallel Synthesis                                                         ; On                 ; On                 ;
; DSP Block Balancing                                                        ; Auto               ; Auto               ;
; NOT Gate Push-Back                                                         ; On                 ; On                 ;
; Power-Up Don't Care                                                        ; On                 ; On                 ;
; Remove Redundant Logic Cells                                               ; Off                ; Off                ;
; Remove Duplicate Registers                                                 ; On                 ; On                 ;
; Ignore CARRY Buffers                                                       ; Off                ; Off                ;
; Ignore CASCADE Buffers                                                     ; Off                ; Off                ;
; Ignore GLOBAL Buffers                                                      ; Off                ; Off                ;
; Ignore ROW GLOBAL Buffers                                                  ; Off                ; Off                ;
; Ignore LCELL Buffers                                                       ; Off                ; Off                ;
; Ignore SOFT Buffers                                                        ; On                 ; On                 ;
; Limit AHDL Integers to 32 Bits                                             ; Off                ; Off                ;
; Optimization Technique                                                     ; Balanced           ; Balanced           ;
; Carry Chain Length                                                         ; 70                 ; 70                 ;
; Auto Carry Chains                                                          ; On                 ; On                 ;
; Auto Open-Drain Pins                                                       ; On                 ; On                 ;
; Perform WYSIWYG Primitive Resynthesis                                      ; Off                ; Off                ;
; Auto ROM Replacement                                                       ; On                 ; On                 ;
; Auto RAM Replacement                                                       ; On                 ; On                 ;
; Auto Shift Register Replacement                                            ; Auto               ; Auto               ;
; Allow Shift Register Merging across Hierarchies                            ; Auto               ; Auto               ;
; Auto Clock Enable Replacement                                              ; On                 ; On                 ;
; Strict RAM Replacement                                                     ; Off                ; Off                ;
; Allow Synchronous Control Signals                                          ; On                 ; On                 ;
; Force Use of Synchronous Clear Signals                                     ; Off                ; Off                ;
; Auto RAM to Logic Cell Conversion                                          ; Off                ; Off                ;
; Auto Resource Sharing                                                      ; Off                ; Off                ;
; Allow Any RAM Size For Recognition                                         ; Off                ; Off                ;
; Allow Any ROM Size For Recognition                                         ; Off                ; Off                ;
; Allow Any Shift Register Size For Recognition                              ; Off                ; Off                ;
; Use LogicLock Constraints during Resource Balancing                        ; On                 ; On                 ;
; Ignore translate_off and synthesis_off directives                          ; Off                ; Off                ;
; Timing-Driven Synthesis                                                    ; Off                ; Off                ;
; Report Parameter Settings                                                  ; On                 ; On                 ;
; Report Source Assignments                                                  ; On                 ; On                 ;
; Report Connectivity Checks                                                 ; On                 ; On                 ;
; Ignore Maximum Fan-Out Assignments                                         ; Off                ; Off                ;
; Synchronization Register Chain Length                                      ; 2                  ; 2                  ;
; PowerPlay Power Optimization                                               ; Normal compilation ; Normal compilation ;
; HDL message level                                                          ; Level2             ; Level2             ;
; Suppress Register Optimization Related Messages                            ; Off                ; Off                ;
; Number of Removed Registers Reported in Synthesis Report                   ; 5000               ; 5000               ;
; Number of Swept Nodes Reported in Synthesis Report                         ; 5000               ; 5000               ;
; Number of Inverted Registers Reported in Synthesis Report                  ; 100                ; 100                ;
; Clock MUX Protection                                                       ; On                 ; On                 ;
; Auto Gated Clock Conversion                                                ; Off                ; Off                ;
; Block Design Naming                                                        ; Auto               ; Auto               ;
; SDC constraint protection                                                  ; Off                ; Off                ;
; Synthesis Effort                                                           ; Auto               ; Auto               ;
; Shift Register Replacement - Allow Asynchronous Clear Signal               ; On                 ; On                 ;
; Pre-Mapping Resynthesis Optimization                                       ; Off                ; Off                ;
; Analysis & Synthesis Message Level                                         ; Medium             ; Medium             ;
; Disable Register Merging Across Hierarchies                                ; Auto               ; Auto               ;
; Resource Aware Inference For Block RAM                                     ; On                 ; On                 ;
; Synthesis Seed                                                             ; 1                  ; 1                  ;
+----------------------------------------------------------------------------+--------------------+--------------------+


Parallel compilation was disabled, but you have multiple processors available. Enable parallel compilation to reduce compilation time.
+-------------------------------------+
; Parallel Compilation                ;
+----------------------------+--------+
; Processors                 ; Number ;
+----------------------------+--------+
; Number detected on machine ; 4      ;
; Maximum allowed            ; 1      ;
+----------------------------+--------+


+--------------------------------------------------------------------------------------------------------------------------------------+
; Analysis & Synthesis Source Files Read                                                                                               ;
+----------------------------------+-----------------+------------------------+----------------------------------------------+---------+
; File Name with User-Entered Path ; Used in Netlist ; File Type              ; File Name with Absolute Path                 ; Library ;
+----------------------------------+-----------------+------------------------+----------------------------------------------+---------+
; Pong_cyclone2.v                  ; yes             ; User Verilog HDL File  ; C:/altera/13.0/Pong_cyclone2/Pong_cyclone2.v ;         ;
+----------------------------------+-----------------+------------------------+----------------------------------------------+---------+


+-----------------------------------------------------+
; Analysis & Synthesis Resource Usage Summary         ;
+---------------------------------------------+-------+
; Resource                                    ; Usage ;
+---------------------------------------------+-------+
; Estimated Total logic elements              ; 845   ;
;                                             ;       ;
; Total combinational functions               ; 838   ;
; Logic element usage by number of LUT inputs ;       ;
;     -- 4 input functions                    ; 454   ;
;     -- 3 input functions                    ; 213   ;
;     -- <=2 input functions                  ; 171   ;
;                                             ;       ;
; Logic elements by mode                      ;       ;
;     -- normal mode                          ; 628   ;
;     -- arithmetic mode                      ; 210   ;
;                                             ;       ;
; Total registers                             ; 152   ;
;     -- Dedicated logic registers            ; 152   ;
;     -- I/O registers                        ; 0     ;
;                                             ;       ;
; I/O pins                                    ; 21    ;
; Embedded Multiplier 9-bit elements          ; 0     ;
; Maximum fan-out node                        ; CLK   ;
; Maximum fan-out                             ; 152   ;
; Total fan-out                               ; 3224  ;
; Average fan-out                             ; 3.19  ;
+---------------------------------------------+-------+


+-------------------------------------------------------------------------------------------------------------------------------------------------------------------------------------------+
; Analysis & Synthesis Resource Utilization by Entity                                                                                                                                       ;
+----------------------------+-------------------+--------------+-------------+--------------+---------+-----------+------+--------------+-----------------------------------+--------------+
; Compilation Hierarchy Node ; LC Combinationals ; LC Registers ; Memory Bits ; DSP Elements ; DSP 9x9 ; DSP 18x18 ; Pins ; Virtual Pins ; Full Hierarchy Name               ; Library Name ;
+----------------------------+-------------------+--------------+-------------+--------------+---------+-----------+------+--------------+-----------------------------------+--------------+
; |Pong_cyclone2             ; 838 (767)         ; 152 (132)    ; 0           ; 0            ; 0       ; 0         ; 21   ; 0            ; |Pong_cyclone2                    ;              ;
;    |vga640x480:display|    ; 71 (71)           ; 20 (20)      ; 0           ; 0            ; 0       ; 0         ; 0    ; 0            ; |Pong_cyclone2|vga640x480:display ;              ;
+----------------------------+-------------------+--------------+-------------+--------------+---------+-----------+------+--------------+-----------------------------------+--------------+
Note: For table entries with two numbers listed, the numbers in parentheses indicate the number of resources of the given type used by the specific entity alone. The numbers listed outside of parentheses indicate the total resources of the given type used by the specific entity and all of its sub-entities in the hierarchy.


Encoding Type:  One-Hot
+------------------------------------------------+
; State Machine - |Pong_cyclone2|NS              ;
+-------------+----------+-------------+---------+
; Name        ; NS.start ; NS.gameover ; NS.play ;
+-------------+----------+-------------+---------+
; NS.start    ; 0        ; 0           ; 0       ;
; NS.play     ; 1        ; 0           ; 1       ;
; NS.gameover ; 1        ; 1           ; 0       ;
+-------------+----------+-------------+---------+


Encoding Type:  One-Hot
+---------------------------------------------------------------------------------------------------------+
; State Machine - |Pong_cyclone2|NS1                                                                      ;
+---------------+---------------+---------------+-------------+---------------+------------+--------------+
; Name          ; NS1.gameover2 ; NS1.staystill ; NS1.rightup ; NS1.rightdown ; NS1.leftup ; NS1.leftdown ;
+---------------+---------------+---------------+-------------+---------------+------------+--------------+
; NS1.leftdown  ; 0             ; 0             ; 0           ; 0             ; 0          ; 0            ;
; NS1.leftup    ; 0             ; 0             ; 0           ; 0             ; 1          ; 1            ;
; NS1.rightdown ; 0             ; 0             ; 0           ; 1             ; 0          ; 1            ;
; NS1.rightup   ; 0             ; 0             ; 1           ; 0             ; 0          ; 1            ;
; NS1.staystill ; 0             ; 1             ; 0           ; 0             ; 0          ; 1            ;
; NS1.gameover2 ; 1             ; 0             ; 0           ; 0             ; 0          ; 1            ;
+---------------+---------------+---------------+-------------+---------------+------------+--------------+


Encoding Type:  One-Hot
+--------------------------------------------------------------------------------------------------+
; State Machine - |Pong_cyclone2|s1                                                                ;
+--------------+--------------+-------------+------------+--------------+-----------+--------------+
; Name         ; s1.gameover2 ; s1.leftdown ; s1.rightup ; s1.rightdown ; s1.leftup ; s1.staystill ;
+--------------+--------------+-------------+------------+--------------+-----------+--------------+
; s1.staystill ; 0            ; 0           ; 0          ; 0            ; 0         ; 0            ;
; s1.leftup    ; 0            ; 0           ; 0          ; 0            ; 1         ; 1            ;
; s1.rightdown ; 0            ; 0           ; 0          ; 1            ; 0         ; 1            ;
; s1.rightup   ; 0            ; 0           ; 1          ; 0            ; 0         ; 1            ;
; s1.leftdown  ; 0            ; 1           ; 0          ; 0            ; 0         ; 1            ;
; s1.gameover2 ; 1            ; 0           ; 0          ; 0            ; 0         ; 1            ;
+--------------+--------------+-------------+------------+--------------+-----------+--------------+


Encoding Type:  One-Hot
+--------------------------------------------+
; State Machine - |Pong_cyclone2|s           ;
+------------+---------+------------+--------+
; Name       ; s.start ; s.gameover ; s.play ;
+------------+---------+------------+--------+
; s.start    ; 0       ; 0          ; 0      ;
; s.play     ; 1       ; 0          ; 1      ;
; s.gameover ; 1       ; 1          ; 0      ;
+------------+---------+------------+--------+


+----------------------------------------------------------------+
; Registers Removed During Synthesis                             ;
+----------------------------------------+-----------------------+
; Register name                          ; Reason for Removal    ;
+----------------------------------------+-----------------------+
; cnt[15]                                ; Merged with pix_stb   ;
; ballx2[0]                              ; Merged with ballx1[0] ;
; bally2[0]                              ; Merged with ballx1[0] ;
; bally1[0]                              ; Merged with ballx1[0] ;
; ballx2[1]                              ; Merged with ballx1[1] ;
; bally2[1]                              ; Merged with bally1[1] ;
; NS1~8                                  ; Lost fanout           ;
; NS1~9                                  ; Lost fanout           ;
; NS1~10                                 ; Lost fanout           ;
; s1~4                                   ; Lost fanout           ;
; s1~5                                   ; Lost fanout           ;
; s1~6                                   ; Lost fanout           ;
; Total Number of Removed Registers = 12 ;                       ;
+----------------------------------------+-----------------------+


+------------------------------------------------------+
; General Register Statistics                          ;
+----------------------------------------------+-------+
; Statistic                                    ; Value ;
+----------------------------------------------+-------+
; Total registers                              ; 152   ;
; Number of registers using Synchronous Clear  ; 25    ;
; Number of registers using Synchronous Load   ; 36    ;
; Number of registers using Asynchronous Clear ; 9     ;
; Number of registers using Asynchronous Load  ; 0     ;
; Number of registers using Clock Enable       ; 61    ;
; Number of registers using Preset             ; 0     ;
+----------------------------------------------+-------+


+------------------------------------------------------------------------------------------------------------------------------------------------------------+
; Multiplexer Restructuring Statistics (Restructuring Performed)                                                                                             ;
+--------------------+-----------+---------------+----------------------+------------------------+------------+----------------------------------------------+
; Multiplexer Inputs ; Bus Width ; Baseline Area ; Area if Restructured ; Saving if Restructured ; Registered ; Example Multiplexer Output                   ;
+--------------------+-----------+---------------+----------------------+------------------------+------------+----------------------------------------------+
; 3:1                ; 3 bits    ; 6 LEs         ; 6 LEs                ; 0 LEs                  ; Yes        ; |Pong_cyclone2|VGA_B[3]~reg0                 ;
; 4:1                ; 10 bits   ; 20 LEs        ; 10 LEs               ; 10 LEs                 ; Yes        ; |Pong_cyclone2|vga640x480:display|h_count[3] ;
; 4:1                ; 10 bits   ; 20 LEs        ; 10 LEs               ; 10 LEs                 ; Yes        ; |Pong_cyclone2|vga640x480:display|v_count[2] ;
; 6:1                ; 5 bits    ; 20 LEs        ; 10 LEs               ; 10 LEs                 ; Yes        ; |Pong_cyclone2|PRy2[3]                       ;
; 6:1                ; 3 bits    ; 12 LEs        ; 6 LEs                ; 6 LEs                  ; Yes        ; |Pong_cyclone2|PLy2[8]                       ;
; 6:1                ; 18 bits   ; 72 LEs        ; 36 LEs               ; 36 LEs                 ; Yes        ; |Pong_cyclone2|ballx2[5]                     ;
; 6:1                ; 15 bits   ; 60 LEs        ; 30 LEs               ; 30 LEs                 ; Yes        ; |Pong_cyclone2|bally1[1]                     ;
; 8:1                ; 4 bits    ; 20 LEs        ; 8 LEs                ; 12 LEs                 ; Yes        ; |Pong_cyclone2|PRy1[5]                       ;
; 8:1                ; 6 bits    ; 30 LEs        ; 12 LEs               ; 18 LEs                 ; Yes        ; |Pong_cyclone2|PLy1[4]                       ;
; 4:1                ; 4 bits    ; 8 LEs         ; 8 LEs                ; 0 LEs                  ; No         ; |Pong_cyclone2|PRy2                          ;
; 4:1                ; 6 bits    ; 12 LEs        ; 12 LEs               ; 0 LEs                  ; No         ; |Pong_cyclone2|PLy2                          ;
; 6:1                ; 5 bits    ; 20 LEs        ; 10 LEs               ; 10 LEs                 ; No         ; |Pong_cyclone2|PRy1                          ;
; 6:1                ; 3 bits    ; 12 LEs        ; 6 LEs                ; 6 LEs                  ; No         ; |Pong_cyclone2|PLy1                          ;
; 12:1               ; 2 bits    ; 16 LEs        ; 10 LEs               ; 6 LEs                  ; No         ; |Pong_cyclone2|Selector0                     ;
+--------------------+-----------+---------------+----------------------+------------------------+------------+----------------------------------------------+


+-------------------------------------------------------------------------------+
; Parameter Settings for User Entity Instance: Top-level Entity: |Pong_cyclone2 ;
+----------------+-------+------------------------------------------------------+
; Parameter Name ; Value ; Type                                                 ;
+----------------+-------+------------------------------------------------------+
; leftdown       ; 000   ; Unsigned Binary                                      ;
; leftup         ; 001   ; Unsigned Binary                                      ;
; rightdown      ; 010   ; Unsigned Binary                                      ;
; rightup        ; 011   ; Unsigned Binary                                      ;
; staystill      ; 100   ; Unsigned Binary                                      ;
; gameover2      ; 101   ; Unsigned Binary                                      ;
; start          ; 00    ; Unsigned Binary                                      ;
; play           ; 01    ; Unsigned Binary                                      ;
; gameover       ; 10    ; Unsigned Binary                                      ;
+----------------+-------+------------------------------------------------------+
Note: In order to hide this table in the UI and the text report file, please set the "Show Parameter Settings in Synthesis Report" option in "Analysis and Synthesis Settings -> More Settings" to "Off".


+--------------------------------------------------------------------------------------------------------------------------------------------+
; Port Connectivity Checks: "vga640x480:display"                                                                                             ;
+-------------+--------+----------+----------------------------------------------------------------------------------------------------------+
; Port        ; Type   ; Severity ; Details                                                                                                  ;
+-------------+--------+----------+----------------------------------------------------------------------------------------------------------+
; o_blanking  ; Output ; Warning  ; Declared by entity but not connected by instance. Logic that only feeds a dangling port will be removed. ;
; o_active    ; Output ; Warning  ; Declared by entity but not connected by instance. Logic that only feeds a dangling port will be removed. ;
; o_screenend ; Output ; Warning  ; Declared by entity but not connected by instance. Logic that only feeds a dangling port will be removed. ;
; o_animate   ; Output ; Warning  ; Declared by entity but not connected by instance. Logic that only feeds a dangling port will be removed. ;
+-------------+--------+----------+----------------------------------------------------------------------------------------------------------+


+-------------------------------+
; Elapsed Time Per Partition    ;
+----------------+--------------+
; Partition Name ; Elapsed Time ;
+----------------+--------------+
; Top            ; 00:00:02     ;
+----------------+--------------+


+-------------------------------+
; Analysis & Synthesis Messages ;
+-------------------------------+
Info: *******************************************************************
Info: Running Quartus II 64-Bit Analysis & Synthesis
    Info: Version 13.0.0 Build 156 04/24/2013 SJ Web Edition
    Info: Processing started: Fri Dec 13 05:58:06 2019
Info: Command: quartus_map --read_settings_files=on --write_settings_files=off Pong-cyclone2 -c Pong-cyclone2
Warning (20028): Parallel compilation is not licensed and has been disabled
Warning (10229): Verilog HDL Expression warning at Pong_cyclone2.v(501): truncated literal to match 20 bits
Warning (10229): Verilog HDL Expression warning at Pong_cyclone2.v(579): truncated literal to match 20 bits
Warning (10229): Verilog HDL Expression warning at Pong_cyclone2.v(620): truncated literal to match 20 bits
Warning (10229): Verilog HDL Expression warning at Pong_cyclone2.v(655): truncated literal to match 20 bits
Warning (10229): Verilog HDL Expression warning at Pong_cyclone2.v(671): truncated literal to match 20 bits
Warning (10229): Verilog HDL Expression warning at Pong_cyclone2.v(687): truncated literal to match 20 bits
Warning (10229): Verilog HDL Expression warning at Pong_cyclone2.v(703): truncated literal to match 20 bits
Info (12021): Found 2 design units, including 2 entities, in source file pong_cyclone2.v
    Info (12023): Found entity 1: Pong_cyclone2
    Info (12023): Found entity 2: vga640x480
Warning (12019): Can't analyze file -- file output_files/barmove.v is missing
Warning (10236): Verilog HDL Implicit Net warning at Pong_cyclone2.v(282): created implicit net for "boundaryBoxBottom"
Warning (10236): Verilog HDL Implicit Net warning at Pong_cyclone2.v(434): created implicit net for "collisionPR"
Warning (10236): Verilog HDL Implicit Net warning at Pong_cyclone2.v(435): created implicit net for "collisionPL"
Warning (10236): Verilog HDL Implicit Net warning at Pong_cyclone2.v(436): created implicit net for "collisionTop"
Warning (10236): Verilog HDL Implicit Net warning at Pong_cyclone2.v(437): created implicit net for "collisionBottom"
Warning (10236): Verilog HDL Implicit Net warning at Pong_cyclone2.v(438): created implicit net for "collisionLeft"
Warning (10236): Verilog HDL Implicit Net warning at Pong_cyclone2.v(439): created implicit net for "collisionRight"
Warning (10236): Verilog HDL Implicit Net warning at Pong_cyclone2.v(440): created implicit net for "collisionPlayerRlow"
Warning (10236): Verilog HDL Implicit Net warning at Pong_cyclone2.v(441): created implicit net for "collisionPlayerRhigh"
Warning (10236): Verilog HDL Implicit Net warning at Pong_cyclone2.v(442): created implicit net for "collisionPlayerLlow"
Warning (10236): Verilog HDL Implicit Net warning at Pong_cyclone2.v(443): created implicit net for "collisionPlayerLhigh"
Warning (10236): Verilog HDL Implicit Net warning at Pong_cyclone2.v(445): created implicit net for "ballMovement"
Warning (10236): Verilog HDL Implicit Net warning at Pong_cyclone2.v(468): created implicit net for "yheight"
Warning (10236): Verilog HDL Implicit Net warning at Pong_cyclone2.v(469): created implicit net for "ballwidth"
Warning (10236): Verilog HDL Implicit Net warning at Pong_cyclone2.v(470): created implicit net for "ballheight"
Info (12127): Elaborating entity "Pong_cyclone2" for the top level hierarchy
Warning (10230): Verilog HDL assignment warning at Pong_cyclone2.v(43): truncated value with size 32 to match size of target (1)
Warning (10230): Verilog HDL assignment warning at Pong_cyclone2.v(47): truncated value with size 32 to match size of target (1)
Warning (10230): Verilog HDL assignment warning at Pong_cyclone2.v(49): truncated value with size 32 to match size of target (1)
Warning (10230): Verilog HDL assignment warning at Pong_cyclone2.v(51): truncated value with size 32 to match size of target (1)
Warning (10230): Verilog HDL assignment warning at Pong_cyclone2.v(53): truncated value with size 32 to match size of target (1)
Warning (10230): Verilog HDL assignment warning at Pong_cyclone2.v(55): truncated value with size 32 to match size of target (1)
Warning (10230): Verilog HDL assignment warning at Pong_cyclone2.v(57): truncated value with size 32 to match size of target (1)
Warning (10230): Verilog HDL assignment warning at Pong_cyclone2.v(59): truncated value with size 32 to match size of target (1)
Warning (10230): Verilog HDL assignment warning at Pong_cyclone2.v(63): truncated value with size 32 to match size of target (1)
Warning (10230): Verilog HDL assignment warning at Pong_cyclone2.v(65): truncated value with size 32 to match size of target (1)
Warning (10230): Verilog HDL assignment warning at Pong_cyclone2.v(67): truncated value with size 32 to match size of target (1)
Warning (10230): Verilog HDL assignment warning at Pong_cyclone2.v(69): truncated value with size 32 to match size of target (1)
Warning (10230): Verilog HDL assignment warning at Pong_cyclone2.v(71): truncated value with size 32 to match size of target (1)
Warning (10230): Verilog HDL assignment warning at Pong_cyclone2.v(73): truncated value with size 32 to match size of target (1)
Warning (10230): Verilog HDL assignment warning at Pong_cyclone2.v(75): truncated value with size 32 to match size of target (1)
Warning (10230): Verilog HDL assignment warning at Pong_cyclone2.v(77): truncated value with size 32 to match size of target (1)
Warning (10230): Verilog HDL assignment warning at Pong_cyclone2.v(79): truncated value with size 32 to match size of target (1)
Warning (10230): Verilog HDL assignment warning at Pong_cyclone2.v(84): truncated value with size 32 to match size of target (1)
Warning (10230): Verilog HDL assignment warning at Pong_cyclone2.v(86): truncated value with size 32 to match size of target (1)
Warning (10230): Verilog HDL assignment warning at Pong_cyclone2.v(88): truncated value with size 32 to match size of target (1)
Warning (10230): Verilog HDL assignment warning at Pong_cyclone2.v(90): truncated value with size 32 to match size of target (1)
Warning (10230): Verilog HDL assignment warning at Pong_cyclone2.v(92): truncated value with size 32 to match size of target (1)
Warning (10230): Verilog HDL assignment warning at Pong_cyclone2.v(94): truncated value with size 32 to match size of target (1)
Warning (10230): Verilog HDL assignment warning at Pong_cyclone2.v(96): truncated value with size 32 to match size of target (1)
Warning (10230): Verilog HDL assignment warning at Pong_cyclone2.v(98): truncated value with size 32 to match size of target (1)
Warning (10230): Verilog HDL assignment warning at Pong_cyclone2.v(100): truncated value with size 32 to match size of target (1)
Warning (10230): Verilog HDL assignment warning at Pong_cyclone2.v(102): truncated value with size 32 to match size of target (1)
Warning (10230): Verilog HDL assignment warning at Pong_cyclone2.v(104): truncated value with size 32 to match size of target (1)
Warning (10230): Verilog HDL assignment warning at Pong_cyclone2.v(106): truncated value with size 32 to match size of target (1)
Warning (10230): Verilog HDL assignment warning at Pong_cyclone2.v(110): truncated value with size 32 to match size of target (1)
Warning (10230): Verilog HDL assignment warning at Pong_cyclone2.v(112): truncated value with size 32 to match size of target (1)
Warning (10230): Verilog HDL assignment warning at Pong_cyclone2.v(114): truncated value with size 32 to match size of target (1)
Warning (10230): Verilog HDL assignment warning at Pong_cyclone2.v(116): truncated value with size 32 to match size of target (1)
Warning (10230): Verilog HDL assignment warning at Pong_cyclone2.v(118): truncated value with size 32 to match size of target (1)
Warning (10230): Verilog HDL assignment warning at Pong_cyclone2.v(120): truncated value with size 32 to match size of target (1)
Warning (10230): Verilog HDL assignment warning at Pong_cyclone2.v(122): truncated value with size 32 to match size of target (1)
Warning (10230): Verilog HDL assignment warning at Pong_cyclone2.v(124): truncated value with size 32 to match size of target (1)
Warning (10230): Verilog HDL assignment warning at Pong_cyclone2.v(126): truncated value with size 32 to match size of target (1)
Warning (10230): Verilog HDL assignment warning at Pong_cyclone2.v(128): truncated value with size 32 to match size of target (1)
Warning (10230): Verilog HDL assignment warning at Pong_cyclone2.v(130): truncated value with size 32 to match size of target (1)
Warning (10230): Verilog HDL assignment warning at Pong_cyclone2.v(132): truncated value with size 32 to match size of target (1)
Warning (10230): Verilog HDL assignment warning at Pong_cyclone2.v(136): truncated value with size 32 to match size of target (1)
Warning (10230): Verilog HDL assignment warning at Pong_cyclone2.v(138): truncated value with size 32 to match size of target (1)
Warning (10230): Verilog HDL assignment warning at Pong_cyclone2.v(140): truncated value with size 32 to match size of target (1)
Warning (10230): Verilog HDL assignment warning at Pong_cyclone2.v(142): truncated value with size 32 to match size of target (1)
Warning (10230): Verilog HDL assignment warning at Pong_cyclone2.v(144): truncated value with size 32 to match size of target (1)
Warning (10230): Verilog HDL assignment warning at Pong_cyclone2.v(146): truncated value with size 32 to match size of target (1)
Warning (10230): Verilog HDL assignment warning at Pong_cyclone2.v(148): truncated value with size 32 to match size of target (1)
Warning (10230): Verilog HDL assignment warning at Pong_cyclone2.v(152): truncated value with size 32 to match size of target (1)
Warning (10230): Verilog HDL assignment warning at Pong_cyclone2.v(154): truncated value with size 32 to match size of target (1)
Warning (10230): Verilog HDL assignment warning at Pong_cyclone2.v(156): truncated value with size 32 to match size of target (1)
Warning (10230): Verilog HDL assignment warning at Pong_cyclone2.v(158): truncated value with size 32 to match size of target (1)
Warning (10230): Verilog HDL assignment warning at Pong_cyclone2.v(160): truncated value with size 32 to match size of target (1)
Warning (10230): Verilog HDL assignment warning at Pong_cyclone2.v(164): truncated value with size 32 to match size of target (1)
Warning (10230): Verilog HDL assignment warning at Pong_cyclone2.v(166): truncated value with size 32 to match size of target (1)
Warning (10230): Verilog HDL assignment warning at Pong_cyclone2.v(168): truncated value with size 32 to match size of target (1)
Warning (10230): Verilog HDL assignment warning at Pong_cyclone2.v(170): truncated value with size 32 to match size of target (1)
Warning (10230): Verilog HDL assignment warning at Pong_cyclone2.v(172): truncated value with size 32 to match size of target (1)
Warning (10230): Verilog HDL assignment warning at Pong_cyclone2.v(174): truncated value with size 32 to match size of target (1)
Warning (10230): Verilog HDL assignment warning at Pong_cyclone2.v(176): truncated value with size 32 to match size of target (1)
Warning (10230): Verilog HDL assignment warning at Pong_cyclone2.v(178): truncated value with size 32 to match size of target (1)
Warning (10230): Verilog HDL assignment warning at Pong_cyclone2.v(180): truncated value with size 32 to match size of target (1)
Warning (10230): Verilog HDL assignment warning at Pong_cyclone2.v(182): truncated value with size 32 to match size of target (1)
Warning (10230): Verilog HDL assignment warning at Pong_cyclone2.v(184): truncated value with size 32 to match size of target (1)
Warning (10230): Verilog HDL assignment warning at Pong_cyclone2.v(186): truncated value with size 32 to match size of target (1)
Warning (10230): Verilog HDL assignment warning at Pong_cyclone2.v(190): truncated value with size 32 to match size of target (1)
Warning (10230): Verilog HDL assignment warning at Pong_cyclone2.v(192): truncated value with size 32 to match size of target (1)
Warning (10230): Verilog HDL assignment warning at Pong_cyclone2.v(194): truncated value with size 32 to match size of target (1)
Warning (10230): Verilog HDL assignment warning at Pong_cyclone2.v(196): truncated value with size 32 to match size of target (1)
Warning (10230): Verilog HDL assignment warning at Pong_cyclone2.v(198): truncated value with size 32 to match size of target (1)
Warning (10230): Verilog HDL assignment warning at Pong_cyclone2.v(200): truncated value with size 32 to match size of target (1)
Warning (10230): Verilog HDL assignment warning at Pong_cyclone2.v(202): truncated value with size 32 to match size of target (1)
Warning (10230): Verilog HDL assignment warning at Pong_cyclone2.v(206): truncated value with size 32 to match size of target (1)
Warning (10230): Verilog HDL assignment warning at Pong_cyclone2.v(208): truncated value with size 32 to match size of target (1)
Warning (10230): Verilog HDL assignment warning at Pong_cyclone2.v(210): truncated value with size 32 to match size of target (1)
Warning (10230): Verilog HDL assignment warning at Pong_cyclone2.v(212): truncated value with size 32 to match size of target (1)
Warning (10230): Verilog HDL assignment warning at Pong_cyclone2.v(214): truncated value with size 32 to match size of target (1)
Warning (10230): Verilog HDL assignment warning at Pong_cyclone2.v(216): truncated value with size 32 to match size of target (1)
Warning (10230): Verilog HDL assignment warning at Pong_cyclone2.v(221): truncated value with size 32 to match size of target (1)
Warning (10230): Verilog HDL assignment warning at Pong_cyclone2.v(223): truncated value with size 32 to match size of target (1)
Warning (10230): Verilog HDL assignment warning at Pong_cyclone2.v(228): truncated value with size 32 to match size of target (1)
Warning (10230): Verilog HDL assignment warning at Pong_cyclone2.v(230): truncated value with size 32 to match size of target (1)
Warning (10230): Verilog HDL assignment warning at Pong_cyclone2.v(232): truncated value with size 32 to match size of target (1)
Warning (10230): Verilog HDL assignment warning at Pong_cyclone2.v(237): truncated value with size 32 to match size of target (1)
Warning (10230): Verilog HDL assignment warning at Pong_cyclone2.v(239): truncated value with size 32 to match size of target (1)
Warning (10230): Verilog HDL assignment warning at Pong_cyclone2.v(241): truncated value with size 32 to match size of target (1)
Warning (10230): Verilog HDL assignment warning at Pong_cyclone2.v(243): truncated value with size 32 to match size of target (1)
Warning (10230): Verilog HDL assignment warning at Pong_cyclone2.v(248): truncated value with size 32 to match size of target (1)
Warning (10230): Verilog HDL assignment warning at Pong_cyclone2.v(250): truncated value with size 32 to match size of target (1)
Warning (10230): Verilog HDL assignment warning at Pong_cyclone2.v(252): truncated value with size 32 to match size of target (1)
Warning (10230): Verilog HDL assignment warning at Pong_cyclone2.v(254): truncated value with size 32 to match size of target (1)
Warning (10230): Verilog HDL assignment warning at Pong_cyclone2.v(259): truncated value with size 32 to match size of target (1)
Warning (10230): Verilog HDL assignment warning at Pong_cyclone2.v(261): truncated value with size 32 to match size of target (1)
Warning (10230): Verilog HDL assignment warning at Pong_cyclone2.v(263): truncated value with size 32 to match size of target (1)
Warning (10230): Verilog HDL assignment warning at Pong_cyclone2.v(265): truncated value with size 32 to match size of target (1)
Warning (10230): Verilog HDL assignment warning at Pong_cyclone2.v(270): truncated value with size 32 to match size of target (1)
Warning (10230): Verilog HDL assignment warning at Pong_cyclone2.v(272): truncated value with size 32 to match size of target (1)
Warning (10230): Verilog HDL assignment warning at Pong_cyclone2.v(274): truncated value with size 32 to match size of target (1)
Warning (10230): Verilog HDL assignment warning at Pong_cyclone2.v(276): truncated value with size 32 to match size of target (1)
Warning (10230): Verilog HDL assignment warning at Pong_cyclone2.v(278): truncated value with size 32 to match size of target (1)
Warning (10230): Verilog HDL assignment warning at Pong_cyclone2.v(279): truncated value with size 32 to match size of target (1)
Warning (10230): Verilog HDL assignment warning at Pong_cyclone2.v(280): truncated value with size 32 to match size of target (1)
Warning (10230): Verilog HDL assignment warning at Pong_cyclone2.v(281): truncated value with size 32 to match size of target (1)
Warning (10230): Verilog HDL assignment warning at Pong_cyclone2.v(282): truncated value with size 32 to match size of target (1)
Warning (10230): Verilog HDL assignment warning at Pong_cyclone2.v(286): truncated value with size 32 to match size of target (1)
Warning (10230): Verilog HDL assignment warning at Pong_cyclone2.v(288): truncated value with size 32 to match size of target (1)
Warning (10230): Verilog HDL assignment warning at Pong_cyclone2.v(290): truncated value with size 32 to match size of target (1)
Warning (10230): Verilog HDL assignment warning at Pong_cyclone2.v(292): truncated value with size 32 to match size of target (1)
Warning (10230): Verilog HDL assignment warning at Pong_cyclone2.v(294): truncated value with size 32 to match size of target (1)
Warning (10230): Verilog HDL assignment warning at Pong_cyclone2.v(296): truncated value with size 32 to match size of target (1)
Warning (10230): Verilog HDL assignment warning at Pong_cyclone2.v(298): truncated value with size 32 to match size of target (1)
Warning (10230): Verilog HDL assignment warning at Pong_cyclone2.v(300): truncated value with size 32 to match size of target (1)
Warning (10230): Verilog HDL assignment warning at Pong_cyclone2.v(302): truncated value with size 32 to match size of target (1)
Warning (10230): Verilog HDL assignment warning at Pong_cyclone2.v(304): truncated value with size 32 to match size of target (1)
Warning (10230): Verilog HDL assignment warning at Pong_cyclone2.v(309): truncated value with size 32 to match size of target (1)
Warning (10230): Verilog HDL assignment warning at Pong_cyclone2.v(311): truncated value with size 32 to match size of target (1)
Warning (10230): Verilog HDL assignment warning at Pong_cyclone2.v(313): truncated value with size 32 to match size of target (1)
Warning (10230): Verilog HDL assignment warning at Pong_cyclone2.v(315): truncated value with size 32 to match size of target (1)
Warning (10230): Verilog HDL assignment warning at Pong_cyclone2.v(317): truncated value with size 32 to match size of target (1)
Warning (10230): Verilog HDL assignment warning at Pong_cyclone2.v(319): truncated value with size 32 to match size of target (1)
Warning (10230): Verilog HDL assignment warning at Pong_cyclone2.v(323): truncated value with size 32 to match size of target (1)
Warning (10230): Verilog HDL assignment warning at Pong_cyclone2.v(325): truncated value with size 32 to match size of target (1)
Warning (10230): Verilog HDL assignment warning at Pong_cyclone2.v(327): truncated value with size 32 to match size of target (1)
Warning (10230): Verilog HDL assignment warning at Pong_cyclone2.v(329): truncated value with size 32 to match size of target (1)
Warning (10230): Verilog HDL assignment warning at Pong_cyclone2.v(331): truncated value with size 32 to match size of target (1)
Warning (10230): Verilog HDL assignment warning at Pong_cyclone2.v(333): truncated value with size 32 to match size of target (1)
Warning (10230): Verilog HDL assignment warning at Pong_cyclone2.v(338): truncated value with size 32 to match size of target (1)
Warning (10230): Verilog HDL assignment warning at Pong_cyclone2.v(340): truncated value with size 32 to match size of target (1)
Warning (10230): Verilog HDL assignment warning at Pong_cyclone2.v(342): truncated value with size 32 to match size of target (1)
Warning (10230): Verilog HDL assignment warning at Pong_cyclone2.v(344): truncated value with size 32 to match size of target (1)
Warning (10230): Verilog HDL assignment warning at Pong_cyclone2.v(346): truncated value with size 32 to match size of target (1)
Warning (10230): Verilog HDL assignment warning at Pong_cyclone2.v(348): truncated value with size 32 to match size of target (1)
Warning (10230): Verilog HDL assignment warning at Pong_cyclone2.v(350): truncated value with size 32 to match size of target (1)
Warning (10230): Verilog HDL assignment warning at Pong_cyclone2.v(354): truncated value with size 32 to match size of target (1)
Warning (10230): Verilog HDL assignment warning at Pong_cyclone2.v(356): truncated value with size 32 to match size of target (1)
Warning (10230): Verilog HDL assignment warning at Pong_cyclone2.v(358): truncated value with size 32 to match size of target (1)
Warning (10230): Verilog HDL assignment warning at Pong_cyclone2.v(360): truncated value with size 32 to match size of target (1)
Warning (10230): Verilog HDL assignment warning at Pong_cyclone2.v(362): truncated value with size 32 to match size of target (1)
Warning (10230): Verilog HDL assignment warning at Pong_cyclone2.v(364): truncated value with size 32 to match size of target (1)
Warning (10230): Verilog HDL assignment warning at Pong_cyclone2.v(366): truncated value with size 32 to match size of target (1)
Warning (10230): Verilog HDL assignment warning at Pong_cyclone2.v(368): truncated value with size 32 to match size of target (1)
Warning (10230): Verilog HDL assignment warning at Pong_cyclone2.v(370): truncated value with size 32 to match size of target (1)
Warning (10230): Verilog HDL assignment warning at Pong_cyclone2.v(372): truncated value with size 32 to match size of target (1)
Warning (10230): Verilog HDL assignment warning at Pong_cyclone2.v(374): truncated value with size 32 to match size of target (1)
Warning (10230): Verilog HDL assignment warning at Pong_cyclone2.v(376): truncated value with size 32 to match size of target (1)
Warning (10230): Verilog HDL assignment warning at Pong_cyclone2.v(381): truncated value with size 32 to match size of target (1)
Warning (10230): Verilog HDL assignment warning at Pong_cyclone2.v(383): truncated value with size 32 to match size of target (1)
Warning (10230): Verilog HDL assignment warning at Pong_cyclone2.v(385): truncated value with size 32 to match size of target (1)
Warning (10230): Verilog HDL assignment warning at Pong_cyclone2.v(387): truncated value with size 32 to match size of target (1)
Warning (10230): Verilog HDL assignment warning at Pong_cyclone2.v(389): truncated value with size 32 to match size of target (1)
Warning (10230): Verilog HDL assignment warning at Pong_cyclone2.v(391): truncated value with size 32 to match size of target (1)
Warning (10230): Verilog HDL assignment warning at Pong_cyclone2.v(393): truncated value with size 32 to match size of target (1)
Warning (10230): Verilog HDL assignment warning at Pong_cyclone2.v(397): truncated value with size 32 to match size of target (1)
Warning (10230): Verilog HDL assignment warning at Pong_cyclone2.v(399): truncated value with size 32 to match size of target (1)
Warning (10230): Verilog HDL assignment warning at Pong_cyclone2.v(401): truncated value with size 32 to match size of target (1)
Warning (10230): Verilog HDL assignment warning at Pong_cyclone2.v(403): truncated value with size 32 to match size of target (1)
Warning (10230): Verilog HDL assignment warning at Pong_cyclone2.v(405): truncated value with size 32 to match size of target (1)
Warning (10230): Verilog HDL assignment warning at Pong_cyclone2.v(407): truncated value with size 32 to match size of target (1)
Warning (10230): Verilog HDL assignment warning at Pong_cyclone2.v(409): truncated value with size 32 to match size of target (1)
Warning (10230): Verilog HDL assignment warning at Pong_cyclone2.v(413): truncated value with size 32 to match size of target (1)
Warning (10230): Verilog HDL assignment warning at Pong_cyclone2.v(415): truncated value with size 32 to match size of target (1)
Warning (10230): Verilog HDL assignment warning at Pong_cyclone2.v(417): truncated value with size 32 to match size of target (1)
Warning (10230): Verilog HDL assignment warning at Pong_cyclone2.v(419): truncated value with size 32 to match size of target (1)
Warning (10230): Verilog HDL assignment warning at Pong_cyclone2.v(421): truncated value with size 32 to match size of target (1)
Warning (10230): Verilog HDL assignment warning at Pong_cyclone2.v(423): truncated value with size 32 to match size of target (1)
Warning (10230): Verilog HDL assignment warning at Pong_cyclone2.v(425): truncated value with size 32 to match size of target (1)
Warning (10230): Verilog HDL assignment warning at Pong_cyclone2.v(427): truncated value with size 32 to match size of target (1)
Warning (10230): Verilog HDL assignment warning at Pong_cyclone2.v(429): truncated value with size 32 to match size of target (1)
Warning (10230): Verilog HDL assignment warning at Pong_cyclone2.v(445): truncated value with size 32 to match size of target (1)
Warning (10230): Verilog HDL assignment warning at Pong_cyclone2.v(468): truncated value with size 32 to match size of target (1)
Warning (10230): Verilog HDL assignment warning at Pong_cyclone2.v(469): truncated value with size 32 to match size of target (1)
Warning (10230): Verilog HDL assignment warning at Pong_cyclone2.v(470): truncated value with size 32 to match size of target (1)
Warning (10230): Verilog HDL assignment warning at Pong_cyclone2.v(474): truncated value with size 32 to match size of target (1)
Warning (10230): Verilog HDL assignment warning at Pong_cyclone2.v(475): truncated value with size 32 to match size of target (1)
Warning (10230): Verilog HDL assignment warning at Pong_cyclone2.v(496): truncated value with size 32 to match size of target (20)
Warning (10230): Verilog HDL assignment warning at Pong_cyclone2.v(504): truncated value with size 32 to match size of target (20)
Warning (10230): Verilog HDL assignment warning at Pong_cyclone2.v(589): truncated value with size 32 to match size of target (9)
Warning (10230): Verilog HDL assignment warning at Pong_cyclone2.v(590): truncated value with size 32 to match size of target (9)
Warning (10230): Verilog HDL assignment warning at Pong_cyclone2.v(600): truncated value with size 32 to match size of target (9)
Warning (10230): Verilog HDL assignment warning at Pong_cyclone2.v(601): truncated value with size 32 to match size of target (9)
Info (10264): Verilog HDL Case Statement information at Pong_cyclone2.v(571): all case item expressions in this case statement are onehot
Warning (10230): Verilog HDL assignment warning at Pong_cyclone2.v(630): truncated value with size 32 to match size of target (9)
Warning (10230): Verilog HDL assignment warning at Pong_cyclone2.v(631): truncated value with size 32 to match size of target (9)
Warning (10230): Verilog HDL assignment warning at Pong_cyclone2.v(641): truncated value with size 32 to match size of target (9)
Warning (10230): Verilog HDL assignment warning at Pong_cyclone2.v(642): truncated value with size 32 to match size of target (9)
Info (10264): Verilog HDL Case Statement information at Pong_cyclone2.v(612): all case item expressions in this case statement are onehot
Warning (10230): Verilog HDL assignment warning at Pong_cyclone2.v(657): truncated value with size 32 to match size of target (10)
Warning (10230): Verilog HDL assignment warning at Pong_cyclone2.v(658): truncated value with size 32 to match size of target (10)
Warning (10230): Verilog HDL assignment warning at Pong_cyclone2.v(659): truncated value with size 32 to match size of target (9)
Warning (10230): Verilog HDL assignment warning at Pong_cyclone2.v(660): truncated value with size 32 to match size of target (9)
Warning (10230): Verilog HDL assignment warning at Pong_cyclone2.v(673): truncated value with size 32 to match size of target (10)
Warning (10230): Verilog HDL assignment warning at Pong_cyclone2.v(674): truncated value with size 32 to match size of target (10)
Warning (10230): Verilog HDL assignment warning at Pong_cyclone2.v(675): truncated value with size 32 to match size of target (9)
Warning (10230): Verilog HDL assignment warning at Pong_cyclone2.v(676): truncated value with size 32 to match size of target (9)
Warning (10230): Verilog HDL assignment warning at Pong_cyclone2.v(689): truncated value with size 32 to match size of target (10)
Warning (10230): Verilog HDL assignment warning at Pong_cyclone2.v(690): truncated value with size 32 to match size of target (10)
Warning (10230): Verilog HDL assignment warning at Pong_cyclone2.v(691): truncated value with size 32 to match size of target (9)
Warning (10230): Verilog HDL assignment warning at Pong_cyclone2.v(692): truncated value with size 32 to match size of target (9)
Warning (10230): Verilog HDL assignment warning at Pong_cyclone2.v(705): truncated value with size 32 to match size of target (10)
Warning (10230): Verilog HDL assignment warning at Pong_cyclone2.v(706): truncated value with size 32 to match size of target (10)
Warning (10230): Verilog HDL assignment warning at Pong_cyclone2.v(707): truncated value with size 32 to match size of target (9)
Warning (10230): Verilog HDL assignment warning at Pong_cyclone2.v(708): truncated value with size 32 to match size of target (9)
Warning (10034): Output port "VGA_R[2..0]" at Pong_cyclone2.v(6) has no driver
Warning (10034): Output port "VGA_G[2..0]" at Pong_cyclone2.v(7) has no driver
Warning (10034): Output port "VGA_B[2..0]" at Pong_cyclone2.v(8) has no driver
Info (12128): Elaborating entity "vga640x480" for hierarchy "vga640x480:display"
Warning (10230): Verilog HDL assignment warning at Pong_cyclone2.v(836): truncated value with size 32 to match size of target (10)
Warning (10230): Verilog HDL assignment warning at Pong_cyclone2.v(837): truncated value with size 32 to match size of target (9)
Warning (10230): Verilog HDL assignment warning at Pong_cyclone2.v(863): truncated value with size 32 to match size of target (10)
Warning (10230): Verilog HDL assignment warning at Pong_cyclone2.v(866): truncated value with size 32 to match size of target (10)
Warning (12241): 1 hierarchies have connectivity warnings - see the Connectivity Checks report folder
Warning (13024): Output pins are stuck at VCC or GND
    Warning (13410): Pin "VGA_R[0]" is stuck at GND
    Warning (13410): Pin "VGA_R[1]" is stuck at GND
    Warning (13410): Pin "VGA_R[2]" is stuck at GND
    Warning (13410): Pin "VGA_G[0]" is stuck at GND
    Warning (13410): Pin "VGA_G[1]" is stuck at GND
    Warning (13410): Pin "VGA_G[2]" is stuck at GND
    Warning (13410): Pin "VGA_B[0]" is stuck at GND
    Warning (13410): Pin "VGA_B[1]" is stuck at GND
    Warning (13410): Pin "VGA_B[2]" is stuck at GND
Info (17049): 6 registers lost all their fanouts during netlist optimizations.
Info (16010): Generating hard_block partition "hard_block:auto_generated_inst"
    Info (16011): Adding 0 node(s), including 0 DDIO, 0 PLL, 0 transceiver and 0 LCELL
Info (21057): Implemented 866 device resources after synthesis - the final resource count might be different
    Info (21058): Implemented 7 input pins
    Info (21059): Implemented 14 output pins
    Info (21061): Implemented 845 logic cells
Info: Quartus II 64-Bit Analysis & Synthesis was successful. 0 errors, 242 warnings
    Info: Peak virtual memory: 4600 megabytes
    Info: Processing ended: Fri Dec 13 05:58:11 2019
    Info: Elapsed time: 00:00:05
    Info: Total CPU time (on all processors): 00:00:04


